  [1m[35m (2505.7ms)[0m  [1m[35mCREATE DATABASE "The-Pair_development" ENCODING = 'unicode'[0m
  ↳ bin/rails:9
  [1m[35m (99.5ms)[0m  [1m[35mCREATE TABLE "schema_migrations" ("version" character varying NOT NULL PRIMARY KEY)[0m
  ↳ bin/rails:9
  [1m[35m (96.0ms)[0m  [1m[35mCREATE TABLE "ar_internal_metadata" ("key" character varying NOT NULL PRIMARY KEY, "value" character varying, "created_at" timestamp NOT NULL, "updated_at" timestamp NOT NULL)[0m
  ↳ bin/rails:9
  [1m[35m (0.5ms)[0m  [1m[34mSELECT pg_try_advisory_lock(7959144947454444135)[0m
  ↳ bin/rails:9
  [1m[35m (0.7ms)[0m  [1m[34mSELECT "schema_migrations"."version" FROM "schema_migrations" ORDER BY "schema_migrations"."version" ASC[0m
  ↳ bin/rails:9
Migrating to CreateUsers (20190419103238)
  [1m[35m (0.3ms)[0m  [1m[35mBEGIN[0m
  ↳ bin/rails:9
  [1m[35m (74.0ms)[0m  [1m[35mCREATE TABLE "users" ("id" bigserial primary key, "name" character varying, "mobile" character varying, "created_at" timestamp NOT NULL, "updated_at" timestamp NOT NULL)[0m
  ↳ db/migrate/20190419103238_create_users.rb:3
  [1m[36mActiveRecord::SchemaMigration Create (0.5ms)[0m  [1m[32mINSERT INTO "schema_migrations" ("version") VALUES ($1) RETURNING "version"[0m  [["version", "20190419103238"]]
  ↳ bin/rails:9
  [1m[35m (13.3ms)[0m  [1m[35mCOMMIT[0m
  ↳ bin/rails:9
  [1m[36mActiveRecord::InternalMetadata Load (0.7ms)[0m  [1m[34mSELECT  "ar_internal_metadata".* FROM "ar_internal_metadata" WHERE "ar_internal_metadata"."key" = $1 LIMIT $2[0m  [["key", "environment"], ["LIMIT", 1]]
  ↳ bin/rails:9
  [1m[35m (0.4ms)[0m  [1m[35mBEGIN[0m
  ↳ bin/rails:9
  [1m[36mActiveRecord::InternalMetadata Create (0.9ms)[0m  [1m[32mINSERT INTO "ar_internal_metadata" ("key", "value", "created_at", "updated_at") VALUES ($1, $2, $3, $4) RETURNING "key"[0m  [["key", "environment"], ["value", "development"], ["created_at", "2019-04-19 10:34:43.420856"], ["updated_at", "2019-04-19 10:34:43.420856"]]
  ↳ bin/rails:9
  [1m[35m (10.2ms)[0m  [1m[35mCOMMIT[0m
  ↳ bin/rails:9
  [1m[35m (0.5ms)[0m  [1m[34mSELECT pg_advisory_unlock(7959144947454444135)[0m
  ↳ bin/rails:9
  [1m[35m (0.7ms)[0m  [1m[34mSELECT "schema_migrations"."version" FROM "schema_migrations" ORDER BY "schema_migrations"."version" ASC[0m
  ↳ bin/rails:9
  [1m[35m (0.3ms)[0m  [1m[34mSELECT pg_try_advisory_lock(7959144947454444135)[0m
  ↳ bin/rails:9
  [1m[35m (0.7ms)[0m  [1m[34mSELECT "schema_migrations"."version" FROM "schema_migrations" ORDER BY "schema_migrations"."version" ASC[0m
  ↳ bin/rails:9
Migrating to CreateRewards (20190419103509)
  [1m[35m (0.2ms)[0m  [1m[35mBEGIN[0m
  ↳ bin/rails:9
  [1m[35m (82.6ms)[0m  [1m[35mCREATE TABLE "rewards" ("id" bigserial primary key, "name" character varying, "amount" integer, "image" character varying, "users_id" integer, "created_at" timestamp NOT NULL, "updated_at" timestamp NOT NULL)[0m
  ↳ db/migrate/20190419103509_create_rewards.rb:3
  [1m[36mActiveRecord::SchemaMigration Create (0.4ms)[0m  [1m[32mINSERT INTO "schema_migrations" ("version") VALUES ($1) RETURNING "version"[0m  [["version", "20190419103509"]]
  ↳ bin/rails:9
  [1m[35m (10.3ms)[0m  [1m[35mCOMMIT[0m
  ↳ bin/rails:9
  [1m[36mActiveRecord::InternalMetadata Load (0.6ms)[0m  [1m[34mSELECT  "ar_internal_metadata".* FROM "ar_internal_metadata" WHERE "ar_internal_metadata"."key" = $1 LIMIT $2[0m  [["key", "environment"], ["LIMIT", 1]]
  ↳ bin/rails:9
  [1m[35m (0.4ms)[0m  [1m[35mBEGIN[0m
  ↳ bin/rails:9
  [1m[35m (0.3ms)[0m  [1m[35mCOMMIT[0m
  ↳ bin/rails:9
  [1m[35m (0.3ms)[0m  [1m[34mSELECT pg_advisory_unlock(7959144947454444135)[0m
  ↳ bin/rails:9
  [1m[35m (0.3ms)[0m  [1m[34mSELECT "schema_migrations"."version" FROM "schema_migrations" ORDER BY "schema_migrations"."version" ASC[0m
  ↳ bin/rails:9
Started POST "/api/v1/users" for ::1 at 2019-04-19 16:33:49 +0530
  [1m[35m (0.7ms)[0m  [1m[34mSELECT "schema_migrations"."version" FROM "schema_migrations" ORDER BY "schema_migrations"."version" ASC[0m
  ↳ /home/pritam/.rvm/gems/ruby-2.5.1/gems/activerecord-5.2.3/lib/active_record/log_subscriber.rb:98
  
SyntaxError (/home/pritam/Desktop/PritamRails/The-Pair/app/models/user.rb:3: syntax error, unexpected ':', expecting keyword_end
	has_many: rewards
	        ^):
  
app/models/user.rb:3: syntax error, unexpected ':', expecting keyword_end
Started POST "/api/v1/users" for ::1 at 2019-04-19 16:35:21 +0530
Processing by Api::V1::UsersController#create as */*
  Parameters: {"user"=>{"name"=>"", "mobile"=>"8959782829"}}
HTTP Origin header (chrome-extension://fhbjgbiflinjbdggehcddcbncdddomop) didn't match request.base_url (http://localhost:3000)
Completed 422 Unprocessable Entity in 1ms (ActiveRecord: 0.0ms)


  
ActionController::InvalidAuthenticityToken (ActionController::InvalidAuthenticityToken):
  
actionpack (5.2.3) lib/action_controller/metal/request_forgery_protection.rb:211:in `handle_unverified_request'
actionpack (5.2.3) lib/action_controller/metal/request_forgery_protection.rb:243:in `handle_unverified_request'
actionpack (5.2.3) lib/action_controller/metal/request_forgery_protection.rb:238:in `verify_authenticity_token'
activesupport (5.2.3) lib/active_support/callbacks.rb:426:in `block in make_lambda'
activesupport (5.2.3) lib/active_support/callbacks.rb:198:in `block (2 levels) in halting'
actionpack (5.2.3) lib/abstract_controller/callbacks.rb:34:in `block (2 levels) in <module:Callbacks>'
activesupport (5.2.3) lib/active_support/callbacks.rb:199:in `block in halting'
activesupport (5.2.3) lib/active_support/callbacks.rb:513:in `block in invoke_before'
activesupport (5.2.3) lib/active_support/callbacks.rb:513:in `each'
activesupport (5.2.3) lib/active_support/callbacks.rb:513:in `invoke_before'
activesupport (5.2.3) lib/active_support/callbacks.rb:131:in `run_callbacks'
actionpack (5.2.3) lib/abstract_controller/callbacks.rb:41:in `process_action'
actionpack (5.2.3) lib/action_controller/metal/rescue.rb:22:in `process_action'
actionpack (5.2.3) lib/action_controller/metal/instrumentation.rb:34:in `block in process_action'
activesupport (5.2.3) lib/active_support/notifications.rb:168:in `block in instrument'
activesupport (5.2.3) lib/active_support/notifications/instrumenter.rb:23:in `instrument'
activesupport (5.2.3) lib/active_support/notifications.rb:168:in `instrument'
actionpack (5.2.3) lib/action_controller/metal/instrumentation.rb:32:in `process_action'
actionpack (5.2.3) lib/action_controller/metal/params_wrapper.rb:256:in `process_action'
activerecord (5.2.3) lib/active_record/railties/controller_runtime.rb:24:in `process_action'
actionpack (5.2.3) lib/abstract_controller/base.rb:134:in `process'
actionview (5.2.3) lib/action_view/rendering.rb:32:in `process'
actionpack (5.2.3) lib/action_controller/metal.rb:191:in `dispatch'
actionpack (5.2.3) lib/action_controller/metal.rb:252:in `dispatch'
actionpack (5.2.3) lib/action_dispatch/routing/route_set.rb:52:in `dispatch'
actionpack (5.2.3) lib/action_dispatch/routing/route_set.rb:34:in `serve'
actionpack (5.2.3) lib/action_dispatch/journey/router.rb:52:in `block in serve'
actionpack (5.2.3) lib/action_dispatch/journey/router.rb:35:in `each'
actionpack (5.2.3) lib/action_dispatch/journey/router.rb:35:in `serve'
actionpack (5.2.3) lib/action_dispatch/routing/route_set.rb:840:in `call'
rack (2.0.7) lib/rack/tempfile_reaper.rb:15:in `call'
rack (2.0.7) lib/rack/etag.rb:25:in `call'
rack (2.0.7) lib/rack/conditional_get.rb:38:in `call'
rack (2.0.7) lib/rack/head.rb:12:in `call'
actionpack (5.2.3) lib/action_dispatch/http/content_security_policy.rb:18:in `call'
rack (2.0.7) lib/rack/session/abstract/id.rb:232:in `context'
rack (2.0.7) lib/rack/session/abstract/id.rb:226:in `call'
actionpack (5.2.3) lib/action_dispatch/middleware/cookies.rb:670:in `call'
activerecord (5.2.3) lib/active_record/migration.rb:559:in `call'
actionpack (5.2.3) lib/action_dispatch/middleware/callbacks.rb:28:in `block in call'
activesupport (5.2.3) lib/active_support/callbacks.rb:98:in `run_callbacks'
actionpack (5.2.3) lib/action_dispatch/middleware/callbacks.rb:26:in `call'
actionpack (5.2.3) lib/action_dispatch/middleware/executor.rb:14:in `call'
actionpack (5.2.3) lib/action_dispatch/middleware/debug_exceptions.rb:61:in `call'
web-console (3.7.0) lib/web_console/middleware.rb:135:in `call_app'
web-console (3.7.0) lib/web_console/middleware.rb:30:in `block in call'
web-console (3.7.0) lib/web_console/middleware.rb:20:in `catch'
web-console (3.7.0) lib/web_console/middleware.rb:20:in `call'
actionpack (5.2.3) lib/action_dispatch/middleware/show_exceptions.rb:33:in `call'
railties (5.2.3) lib/rails/rack/logger.rb:38:in `call_app'
railties (5.2.3) lib/rails/rack/logger.rb:26:in `block in call'
activesupport (5.2.3) lib/active_support/tagged_logging.rb:71:in `block in tagged'
activesupport (5.2.3) lib/active_support/tagged_logging.rb:28:in `tagged'
activesupport (5.2.3) lib/active_support/tagged_logging.rb:71:in `tagged'
railties (5.2.3) lib/rails/rack/logger.rb:26:in `call'
sprockets-rails (3.2.1) lib/sprockets/rails/quiet_assets.rb:13:in `call'
actionpack (5.2.3) lib/action_dispatch/middleware/remote_ip.rb:81:in `call'
actionpack (5.2.3) lib/action_dispatch/middleware/request_id.rb:27:in `call'
rack (2.0.7) lib/rack/method_override.rb:22:in `call'
rack (2.0.7) lib/rack/runtime.rb:22:in `call'
activesupport (5.2.3) lib/active_support/cache/strategy/local_cache_middleware.rb:29:in `call'
actionpack (5.2.3) lib/action_dispatch/middleware/executor.rb:14:in `call'
actionpack (5.2.3) lib/action_dispatch/middleware/static.rb:127:in `call'
rack (2.0.7) lib/rack/sendfile.rb:111:in `call'
railties (5.2.3) lib/rails/engine.rb:524:in `call'
puma (3.12.1) lib/puma/configuration.rb:227:in `call'
puma (3.12.1) lib/puma/server.rb:660:in `handle_request'
puma (3.12.1) lib/puma/server.rb:474:in `process_client'
puma (3.12.1) lib/puma/server.rb:334:in `block in run'
puma (3.12.1) lib/puma/thread_pool.rb:135:in `block in spawn_thread'
Started POST "/api/v1/users" for ::1 at 2019-04-19 16:36:10 +0530
Processing by Api::V1::UsersController#create as */*
  Parameters: {"user"=>{"name"=>"", "mobile"=>"8959782829"}}
HTTP Origin header (chrome-extension://fhbjgbiflinjbdggehcddcbncdddomop) didn't match request.base_url (http://localhost:3000)
Completed 422 Unprocessable Entity in 0ms (ActiveRecord: 0.0ms)


  
ActionController::InvalidAuthenticityToken (ActionController::InvalidAuthenticityToken):
  
actionpack (5.2.3) lib/action_controller/metal/request_forgery_protection.rb:211:in `handle_unverified_request'
actionpack (5.2.3) lib/action_controller/metal/request_forgery_protection.rb:243:in `handle_unverified_request'
actionpack (5.2.3) lib/action_controller/metal/request_forgery_protection.rb:238:in `verify_authenticity_token'
activesupport (5.2.3) lib/active_support/callbacks.rb:426:in `block in make_lambda'
activesupport (5.2.3) lib/active_support/callbacks.rb:198:in `block (2 levels) in halting'
actionpack (5.2.3) lib/abstract_controller/callbacks.rb:34:in `block (2 levels) in <module:Callbacks>'
activesupport (5.2.3) lib/active_support/callbacks.rb:199:in `block in halting'
activesupport (5.2.3) lib/active_support/callbacks.rb:513:in `block in invoke_before'
activesupport (5.2.3) lib/active_support/callbacks.rb:513:in `each'
activesupport (5.2.3) lib/active_support/callbacks.rb:513:in `invoke_before'
activesupport (5.2.3) lib/active_support/callbacks.rb:131:in `run_callbacks'
actionpack (5.2.3) lib/abstract_controller/callbacks.rb:41:in `process_action'
actionpack (5.2.3) lib/action_controller/metal/rescue.rb:22:in `process_action'
actionpack (5.2.3) lib/action_controller/metal/instrumentation.rb:34:in `block in process_action'
activesupport (5.2.3) lib/active_support/notifications.rb:168:in `block in instrument'
activesupport (5.2.3) lib/active_support/notifications/instrumenter.rb:23:in `instrument'
activesupport (5.2.3) lib/active_support/notifications.rb:168:in `instrument'
actionpack (5.2.3) lib/action_controller/metal/instrumentation.rb:32:in `process_action'
actionpack (5.2.3) lib/action_controller/metal/params_wrapper.rb:256:in `process_action'
activerecord (5.2.3) lib/active_record/railties/controller_runtime.rb:24:in `process_action'
actionpack (5.2.3) lib/abstract_controller/base.rb:134:in `process'
actionview (5.2.3) lib/action_view/rendering.rb:32:in `process'
actionpack (5.2.3) lib/action_controller/metal.rb:191:in `dispatch'
actionpack (5.2.3) lib/action_controller/metal.rb:252:in `dispatch'
actionpack (5.2.3) lib/action_dispatch/routing/route_set.rb:52:in `dispatch'
actionpack (5.2.3) lib/action_dispatch/routing/route_set.rb:34:in `serve'
actionpack (5.2.3) lib/action_dispatch/journey/router.rb:52:in `block in serve'
actionpack (5.2.3) lib/action_dispatch/journey/router.rb:35:in `each'
actionpack (5.2.3) lib/action_dispatch/journey/router.rb:35:in `serve'
actionpack (5.2.3) lib/action_dispatch/routing/route_set.rb:840:in `call'
rack (2.0.7) lib/rack/tempfile_reaper.rb:15:in `call'
rack (2.0.7) lib/rack/etag.rb:25:in `call'
rack (2.0.7) lib/rack/conditional_get.rb:38:in `call'
rack (2.0.7) lib/rack/head.rb:12:in `call'
actionpack (5.2.3) lib/action_dispatch/http/content_security_policy.rb:18:in `call'
rack (2.0.7) lib/rack/session/abstract/id.rb:232:in `context'
rack (2.0.7) lib/rack/session/abstract/id.rb:226:in `call'
actionpack (5.2.3) lib/action_dispatch/middleware/cookies.rb:670:in `call'
activerecord (5.2.3) lib/active_record/migration.rb:559:in `call'
actionpack (5.2.3) lib/action_dispatch/middleware/callbacks.rb:28:in `block in call'
activesupport (5.2.3) lib/active_support/callbacks.rb:98:in `run_callbacks'
actionpack (5.2.3) lib/action_dispatch/middleware/callbacks.rb:26:in `call'
actionpack (5.2.3) lib/action_dispatch/middleware/executor.rb:14:in `call'
actionpack (5.2.3) lib/action_dispatch/middleware/debug_exceptions.rb:61:in `call'
web-console (3.7.0) lib/web_console/middleware.rb:135:in `call_app'
web-console (3.7.0) lib/web_console/middleware.rb:30:in `block in call'
web-console (3.7.0) lib/web_console/middleware.rb:20:in `catch'
web-console (3.7.0) lib/web_console/middleware.rb:20:in `call'
actionpack (5.2.3) lib/action_dispatch/middleware/show_exceptions.rb:33:in `call'
railties (5.2.3) lib/rails/rack/logger.rb:38:in `call_app'
railties (5.2.3) lib/rails/rack/logger.rb:26:in `block in call'
activesupport (5.2.3) lib/active_support/tagged_logging.rb:71:in `block in tagged'
activesupport (5.2.3) lib/active_support/tagged_logging.rb:28:in `tagged'
activesupport (5.2.3) lib/active_support/tagged_logging.rb:71:in `tagged'
railties (5.2.3) lib/rails/rack/logger.rb:26:in `call'
sprockets-rails (3.2.1) lib/sprockets/rails/quiet_assets.rb:13:in `call'
actionpack (5.2.3) lib/action_dispatch/middleware/remote_ip.rb:81:in `call'
actionpack (5.2.3) lib/action_dispatch/middleware/request_id.rb:27:in `call'
rack (2.0.7) lib/rack/method_override.rb:22:in `call'
rack (2.0.7) lib/rack/runtime.rb:22:in `call'
activesupport (5.2.3) lib/active_support/cache/strategy/local_cache_middleware.rb:29:in `call'
actionpack (5.2.3) lib/action_dispatch/middleware/executor.rb:14:in `call'
actionpack (5.2.3) lib/action_dispatch/middleware/static.rb:127:in `call'
rack (2.0.7) lib/rack/sendfile.rb:111:in `call'
railties (5.2.3) lib/rails/engine.rb:524:in `call'
puma (3.12.1) lib/puma/configuration.rb:227:in `call'
puma (3.12.1) lib/puma/server.rb:660:in `handle_request'
puma (3.12.1) lib/puma/server.rb:474:in `process_client'
puma (3.12.1) lib/puma/server.rb:334:in `block in run'
puma (3.12.1) lib/puma/thread_pool.rb:135:in `block in spawn_thread'
Started POST "/api/v1/users" for ::1 at 2019-04-19 16:37:26 +0530
Processing by Api::V1::UsersController#create as */*
  Parameters: {"user"=>{"name"=>"", "mobile"=>"8959782829"}}
HTTP Origin header (chrome-extension://fhbjgbiflinjbdggehcddcbncdddomop) didn't match request.base_url (http://localhost:3000)
  [1m[35m (0.3ms)[0m  [1m[35mBEGIN[0m
  ↳ app/controllers/api/v1/users_controller.rb:15
  [1m[36mUser Exists (0.8ms)[0m  [1m[34mSELECT  1 AS one FROM "users" WHERE "users"."mobile" = $1 LIMIT $2[0m  [["mobile", "8959782829"], ["LIMIT", 1]]
  ↳ app/controllers/api/v1/users_controller.rb:15
  [1m[35m (0.4ms)[0m  [1m[31mROLLBACK[0m
  ↳ app/controllers/api/v1/users_controller.rb:15
Completed 400 Bad Request in 44ms (Views: 0.3ms | ActiveRecord: 8.9ms)


Started POST "/api/v1/users" for ::1 at 2019-04-19 16:37:40 +0530
Processing by Api::V1::UsersController#create as */*
  Parameters: {"user"=>{"name"=>"Pritam", "mobile"=>"8959782829"}}
HTTP Origin header (chrome-extension://fhbjgbiflinjbdggehcddcbncdddomop) didn't match request.base_url (http://localhost:3000)
  [1m[35m (0.3ms)[0m  [1m[35mBEGIN[0m
  ↳ app/controllers/api/v1/users_controller.rb:15
  [1m[36mUser Exists (0.6ms)[0m  [1m[34mSELECT  1 AS one FROM "users" WHERE "users"."mobile" = $1 LIMIT $2[0m  [["mobile", "8959782829"], ["LIMIT", 1]]
  ↳ app/controllers/api/v1/users_controller.rb:15
  [1m[36mUser Create (1.1ms)[0m  [1m[32mINSERT INTO "users" ("name", "mobile", "created_at", "updated_at") VALUES ($1, $2, $3, $4) RETURNING "id"[0m  [["name", "Pritam"], ["mobile", "8959782829"], ["created_at", "2019-04-19 11:07:40.682339"], ["updated_at", "2019-04-19 11:07:40.682339"]]
  ↳ app/controllers/api/v1/users_controller.rb:15
  [1m[35m (32.8ms)[0m  [1m[35mCOMMIT[0m
  ↳ app/controllers/api/v1/users_controller.rb:15
  Rendering api/v1/users/show.json.jbuilder
  Rendered api/v1/users/show.json.jbuilder (2.8ms)
Completed 200 OK in 51ms (Views: 10.8ms | ActiveRecord: 34.9ms)


Started GET "/api/v1/users" for ::1 at 2019-04-19 16:37:57 +0530
Processing by Api::V1::UsersController#index as */*
  Parameters: {"user"=>{}}
  Rendering api/v1/users/index.json.jbuilder
  Rendered api/v1/users/index.json.jbuilder (0.6ms)
Completed 200 OK in 14ms (Views: 13.1ms | ActiveRecord: 0.0ms)


Started GET "/api/v1/users" for ::1 at 2019-04-19 16:40:11 +0530
Processing by Api::V1::UsersController#index as */*
  Parameters: {"user"=>{}}
  Rendering api/v1/users/index.json.jbuilder
  [1m[36mUser Load (1.0ms)[0m  [1m[34mSELECT "users".* FROM "users" ORDER BY "users"."id" ASC[0m
  ↳ app/views/api/v1/users/index.json.jbuilder:4
  Rendered api/v1/users/index.json.jbuilder (17.1ms)
Completed 200 OK in 29ms (Views: 27.4ms | ActiveRecord: 1.0ms)


Started POST "/api/v1/rewards" for ::1 at 2019-04-19 16:48:45 +0530
Processing by Api::V1::RewardsController#create as */*
  Parameters: {"reward"=>{"name"=>"Meenu", "amount"=>"30", "image"=>"image name", "users_id"=>1}}
HTTP Origin header (chrome-extension://fhbjgbiflinjbdggehcddcbncdddomop) didn't match request.base_url (http://localhost:3000)
Completed 500 Internal Server Error in 174ms (ActiveRecord: 0.0ms)


  
NameError (undefined local variable or method `user_params' for #<Api::V1::RewardsController:0x000000000503d4c8>):
  
app/controllers/api/v1/rewards_controller.rb:8:in `create'
Started POST "/api/v1/rewards" for ::1 at 2019-04-19 16:50:42 +0530
  [1m[35m (0.8ms)[0m  [1m[34mSELECT "schema_migrations"."version" FROM "schema_migrations" ORDER BY "schema_migrations"."version" ASC[0m
  ↳ /home/pritam/.rvm/gems/ruby-2.5.1/gems/activerecord-5.2.3/lib/active_record/log_subscriber.rb:98
Processing by Api::V1::RewardsController#create as */*
  Parameters: {"reward"=>{"name"=>"Meenu", "amount"=>30, "image"=>"image name", "users_id"=>1}}
HTTP Origin header (chrome-extension://fhbjgbiflinjbdggehcddcbncdddomop) didn't match request.base_url (http://localhost:3000)
Completed 500 Internal Server Error in 190ms (ActiveRecord: 0.0ms)


  
NameError (undefined local variable or method `user_params' for #<Api::V1::RewardsController:0x0000000003b68368>):
  
app/controllers/api/v1/rewards_controller.rb:8:in `create'
Started POST "/api/v1/rewards" for ::1 at 2019-04-19 16:51:23 +0530
Processing by Api::V1::RewardsController#create as */*
  Parameters: {"reward"=>{"name"=>"Meenu", "amount"=>30, "image"=>"image name", "users_id"=>1}}
HTTP Origin header (chrome-extension://fhbjgbiflinjbdggehcddcbncdddomop) didn't match request.base_url (http://localhost:3000)
  [1m[35m (0.3ms)[0m  [1m[35mBEGIN[0m
  ↳ app/controllers/api/v1/rewards_controller.rb:9
  [1m[35m (0.3ms)[0m  [1m[31mROLLBACK[0m
  ↳ app/controllers/api/v1/rewards_controller.rb:9
Completed 500 Internal Server Error in 41ms (ActiveRecord: 8.1ms)


  
NoMethodError (undefined method `user_id' for #<Reward:0x00007f51cc161c58>
Did you mean?  users_id
               users_id?
               users_id=):
  
app/controllers/api/v1/rewards_controller.rb:9:in `create'
Started POST "/api/v1/rewards" for ::1 at 2019-04-19 16:51:47 +0530
Processing by Api::V1::RewardsController#create as */*
  Parameters: {"reward"=>{"name"=>"Meenu", "amount"=>30, "image"=>"image name", "users_id"=>1}}
HTTP Origin header (chrome-extension://fhbjgbiflinjbdggehcddcbncdddomop) didn't match request.base_url (http://localhost:3000)
Unpermitted parameter: :users_id
  [1m[35m (0.3ms)[0m  [1m[35mBEGIN[0m
  ↳ app/controllers/api/v1/rewards_controller.rb:9
  [1m[35m (0.3ms)[0m  [1m[31mROLLBACK[0m
  ↳ app/controllers/api/v1/rewards_controller.rb:9
Completed 500 Internal Server Error in 45ms (ActiveRecord: 6.6ms)


  
NoMethodError (undefined method `user_id' for #<Reward:0x00000000038d9368>
Did you mean?  users_id
               users_id?
               users_id=):
  
app/controllers/api/v1/rewards_controller.rb:9:in `create'
Started POST "/api/v1/rewards" for ::1 at 2019-04-19 16:52:20 +0530
Processing by Api::V1::RewardsController#create as */*
  Parameters: {"reward"=>{"name"=>"Meenu", "amount"=>30, "image"=>"image name", "user_id"=>1}}
HTTP Origin header (chrome-extension://fhbjgbiflinjbdggehcddcbncdddomop) didn't match request.base_url (http://localhost:3000)
Completed 500 Internal Server Error in 1ms (ActiveRecord: 0.0ms)


  
ActiveModel::UnknownAttributeError (unknown attribute 'user_id' for Reward.):
  
app/controllers/api/v1/rewards_controller.rb:8:in `create'
  [1m[35m (0.8ms)[0m  [1m[34mSELECT "schema_migrations"."version" FROM "schema_migrations" ORDER BY "schema_migrations"."version" ASC[0m
  ↳ bin/rails:9
  [1m[35m (0.3ms)[0m  [1m[34mSELECT "schema_migrations"."version" FROM "schema_migrations" ORDER BY "schema_migrations"."version" ASC[0m
  ↳ bin/rails:9
  [1m[35m (0.3ms)[0m  [1m[34mSELECT "schema_migrations"."version" FROM "schema_migrations" ORDER BY "schema_migrations"."version" ASC[0m
  ↳ bin/rails:9
  [1m[35m (0.2ms)[0m  [1m[34mSELECT pg_try_advisory_lock(7959144947454444135)[0m
  ↳ bin/rails:9
  [1m[35m (0.4ms)[0m  [1m[34mSELECT "schema_migrations"."version" FROM "schema_migrations" ORDER BY "schema_migrations"."version" ASC[0m
  ↳ bin/rails:9
Migrating to CreateRewards (20190419103509)
  [1m[35m (0.2ms)[0m  [1m[35mBEGIN[0m
  ↳ bin/rails:9
  [1m[35m (11.3ms)[0m  [1m[35mDROP TABLE "rewards"[0m
  ↳ bin/rails:9
  [1m[36mActiveRecord::SchemaMigration Destroy (0.8ms)[0m  [1m[31mDELETE FROM "schema_migrations" WHERE "schema_migrations"."version" = $1[0m  [["version", "20190419103509"]]
  ↳ bin/rails:9
  [1m[35m (17.1ms)[0m  [1m[35mCOMMIT[0m
  ↳ bin/rails:9
  [1m[35m (0.7ms)[0m  [1m[34mSELECT pg_advisory_unlock(7959144947454444135)[0m
  ↳ bin/rails:9
  [1m[35m (0.6ms)[0m  [1m[34mSELECT "schema_migrations"."version" FROM "schema_migrations" ORDER BY "schema_migrations"."version" ASC[0m
  ↳ bin/rails:9
  [1m[35m (0.2ms)[0m  [1m[34mSELECT pg_try_advisory_lock(7959144947454444135)[0m
  ↳ bin/rails:9
  [1m[35m (0.7ms)[0m  [1m[34mSELECT "schema_migrations"."version" FROM "schema_migrations" ORDER BY "schema_migrations"."version" ASC[0m
  ↳ bin/rails:9
Migrating to CreateRewards (20190419103509)
  [1m[35m (0.2ms)[0m  [1m[35mBEGIN[0m
  ↳ bin/rails:9
  [1m[35m (90.5ms)[0m  [1m[35mCREATE TABLE "rewards" ("id" bigserial primary key, "name" character varying, "amount" integer, "image" character varying, "user_id" integer, "created_at" timestamp NOT NULL, "updated_at" timestamp NOT NULL)[0m
  ↳ db/migrate/20190419103509_create_rewards.rb:3
  [1m[36mActiveRecord::SchemaMigration Create (0.8ms)[0m  [1m[32mINSERT INTO "schema_migrations" ("version") VALUES ($1) RETURNING "version"[0m  [["version", "20190419103509"]]
  ↳ bin/rails:9
  [1m[35m (14.5ms)[0m  [1m[35mCOMMIT[0m
  ↳ bin/rails:9
  [1m[36mActiveRecord::InternalMetadata Load (0.3ms)[0m  [1m[34mSELECT  "ar_internal_metadata".* FROM "ar_internal_metadata" WHERE "ar_internal_metadata"."key" = $1 LIMIT $2[0m  [["key", "environment"], ["LIMIT", 1]]
  ↳ bin/rails:9
  [1m[35m (0.2ms)[0m  [1m[35mBEGIN[0m
  ↳ bin/rails:9
  [1m[35m (0.2ms)[0m  [1m[35mCOMMIT[0m
  ↳ bin/rails:9
  [1m[35m (0.3ms)[0m  [1m[34mSELECT pg_advisory_unlock(7959144947454444135)[0m
  ↳ bin/rails:9
  [1m[35m (0.3ms)[0m  [1m[34mSELECT "schema_migrations"."version" FROM "schema_migrations" ORDER BY "schema_migrations"."version" ASC[0m
  ↳ bin/rails:9
Started POST "/api/v1/rewards" for ::1 at 2019-04-19 16:54:04 +0530
  [1m[35m (0.8ms)[0m  [1m[34mSELECT "schema_migrations"."version" FROM "schema_migrations" ORDER BY "schema_migrations"."version" ASC[0m
  ↳ /home/pritam/.rvm/gems/ruby-2.5.1/gems/activerecord-5.2.3/lib/active_record/log_subscriber.rb:98
Processing by Api::V1::RewardsController#create as */*
  Parameters: {"reward"=>{"name"=>"Meenu", "amount"=>30, "image"=>"image name", "user_id"=>1}}
HTTP Origin header (chrome-extension://fhbjgbiflinjbdggehcddcbncdddomop) didn't match request.base_url (http://localhost:3000)
  [1m[35m (0.3ms)[0m  [1m[35mBEGIN[0m
  ↳ app/controllers/api/v1/rewards_controller.rb:9
  [1m[36mUser Load (0.5ms)[0m  [1m[34mSELECT  "users".* FROM "users" WHERE "users"."id" = $1 LIMIT $2[0m  [["id", 1], ["LIMIT", 1]]
  ↳ app/controllers/api/v1/rewards_controller.rb:9
  [1m[36mReward Create (0.8ms)[0m  [1m[32mINSERT INTO "rewards" ("name", "amount", "image", "user_id", "created_at", "updated_at") VALUES ($1, $2, $3, $4, $5, $6) RETURNING "id"[0m  [["name", "Meenu"], ["amount", 30], ["image", "image name"], ["user_id", 1], ["created_at", "2019-04-19 11:24:05.061508"], ["updated_at", "2019-04-19 11:24:05.061508"]]
  ↳ app/controllers/api/v1/rewards_controller.rb:9
  [1m[35m (13.8ms)[0m  [1m[35mCOMMIT[0m
  ↳ app/controllers/api/v1/rewards_controller.rb:9
  Rendering api/v1/rewards/show.json.jbuilder
  Rendered api/v1/rewards/show.json.jbuilder (334.0ms)
Completed 500 Internal Server Error in 405ms (ActiveRecord: 26.1ms)


  
ActionView::Template::Error (undefined local variable or method `reward' for #<#<Class:0x0000000004d32260>:0x0000000004d22928>
Did you mean?  @reward):
    1: json.status true
    2: json.result{
    3: 	json.reward reward
    4: }
  
app/views/api/v1/rewards/show.json.jbuilder:3:in `block in _app_views_api_v__rewards_show_json_jbuilder__4465198710271440444_40412300'
app/views/api/v1/rewards/show.json.jbuilder:2:in `_app_views_api_v__rewards_show_json_jbuilder__4465198710271440444_40412300'
app/controllers/api/v1/rewards_controller.rb:10:in `create'
Started POST "/api/v1/rewards" for ::1 at 2019-04-19 16:54:40 +0530
Processing by Api::V1::RewardsController#create as */*
  Parameters: {"reward"=>{"name"=>"Meenu", "amount"=>30, "image"=>"image name", "user_id"=>1}}
HTTP Origin header (chrome-extension://fhbjgbiflinjbdggehcddcbncdddomop) didn't match request.base_url (http://localhost:3000)
  [1m[35m (0.3ms)[0m  [1m[35mBEGIN[0m
  ↳ app/controllers/api/v1/rewards_controller.rb:9
  [1m[36mUser Load (0.5ms)[0m  [1m[34mSELECT  "users".* FROM "users" WHERE "users"."id" = $1 LIMIT $2[0m  [["id", 1], ["LIMIT", 1]]
  ↳ app/controllers/api/v1/rewards_controller.rb:9
  [1m[36mReward Create (0.6ms)[0m  [1m[32mINSERT INTO "rewards" ("name", "amount", "image", "user_id", "created_at", "updated_at") VALUES ($1, $2, $3, $4, $5, $6) RETURNING "id"[0m  [["name", "Meenu"], ["amount", 30], ["image", "image name"], ["user_id", 1], ["created_at", "2019-04-19 11:24:40.988196"], ["updated_at", "2019-04-19 11:24:40.988196"]]
  ↳ app/controllers/api/v1/rewards_controller.rb:9
  [1m[35m (8.5ms)[0m  [1m[35mCOMMIT[0m
  ↳ app/controllers/api/v1/rewards_controller.rb:9
  Rendering api/v1/rewards/show.json.jbuilder
  Rendered api/v1/rewards/show.json.jbuilder (1.6ms)
Completed 200 OK in 69ms (Views: 13.3ms | ActiveRecord: 22.6ms)


Started POST "/api/v1/users" for ::1 at 2019-04-19 16:56:00 +0530
Processing by Api::V1::UsersController#create as */*
  Parameters: {"user"=>{"name"=>"Lakhan", "mobile"=>"9138104484"}}
HTTP Origin header (chrome-extension://fhbjgbiflinjbdggehcddcbncdddomop) didn't match request.base_url (http://localhost:3000)
  [1m[35m (0.3ms)[0m  [1m[35mBEGIN[0m
  ↳ app/controllers/api/v1/users_controller.rb:15
  [1m[36mUser Exists (0.6ms)[0m  [1m[34mSELECT  1 AS one FROM "users" WHERE "users"."mobile" = $1 LIMIT $2[0m  [["mobile", "9138104484"], ["LIMIT", 1]]
  ↳ app/controllers/api/v1/users_controller.rb:15
  [1m[36mUser Create (0.6ms)[0m  [1m[32mINSERT INTO "users" ("name", "mobile", "created_at", "updated_at") VALUES ($1, $2, $3, $4) RETURNING "id"[0m  [["name", "Lakhan"], ["mobile", "9138104484"], ["created_at", "2019-04-19 11:26:00.875035"], ["updated_at", "2019-04-19 11:26:00.875035"]]
  ↳ app/controllers/api/v1/users_controller.rb:15
  [1m[35m (7.3ms)[0m  [1m[35mCOMMIT[0m
  ↳ app/controllers/api/v1/users_controller.rb:15
  Rendering api/v1/users/show.json.jbuilder
  Rendered api/v1/users/show.json.jbuilder (1.0ms)
Completed 200 OK in 28ms (Views: 12.6ms | ActiveRecord: 8.8ms)


Started POST "/api/v1/users" for ::1 at 2019-04-19 16:56:14 +0530
Processing by Api::V1::UsersController#create as */*
  Parameters: {"user"=>{"name"=>"Meenu", "mobile"=>"9138104488"}}
HTTP Origin header (chrome-extension://fhbjgbiflinjbdggehcddcbncdddomop) didn't match request.base_url (http://localhost:3000)
  [1m[35m (0.2ms)[0m  [1m[35mBEGIN[0m
  ↳ app/controllers/api/v1/users_controller.rb:15
  [1m[36mUser Exists (0.5ms)[0m  [1m[34mSELECT  1 AS one FROM "users" WHERE "users"."mobile" = $1 LIMIT $2[0m  [["mobile", "9138104488"], ["LIMIT", 1]]
  ↳ app/controllers/api/v1/users_controller.rb:15
  [1m[36mUser Create (0.5ms)[0m  [1m[32mINSERT INTO "users" ("name", "mobile", "created_at", "updated_at") VALUES ($1, $2, $3, $4) RETURNING "id"[0m  [["name", "Meenu"], ["mobile", "9138104488"], ["created_at", "2019-04-19 11:26:14.899685"], ["updated_at", "2019-04-19 11:26:14.899685"]]
  ↳ app/controllers/api/v1/users_controller.rb:15
  [1m[35m (11.3ms)[0m  [1m[35mCOMMIT[0m
  ↳ app/controllers/api/v1/users_controller.rb:15
  Rendering api/v1/users/show.json.jbuilder
  Rendered api/v1/users/show.json.jbuilder (0.7ms)
Completed 200 OK in 24ms (Views: 8.3ms | ActiveRecord: 12.5ms)


Started POST "/api/v1/users" for ::1 at 2019-04-19 16:56:29 +0530
Processing by Api::V1::UsersController#create as */*
  Parameters: {"user"=>{"name"=>"durgesh", "mobile"=>"8319104484"}}
HTTP Origin header (chrome-extension://fhbjgbiflinjbdggehcddcbncdddomop) didn't match request.base_url (http://localhost:3000)
  [1m[35m (0.2ms)[0m  [1m[35mBEGIN[0m
  ↳ app/controllers/api/v1/users_controller.rb:15
  [1m[36mUser Exists (0.4ms)[0m  [1m[34mSELECT  1 AS one FROM "users" WHERE "users"."mobile" = $1 LIMIT $2[0m  [["mobile", "8319104484"], ["LIMIT", 1]]
  ↳ app/controllers/api/v1/users_controller.rb:15
  [1m[36mUser Create (0.4ms)[0m  [1m[32mINSERT INTO "users" ("name", "mobile", "created_at", "updated_at") VALUES ($1, $2, $3, $4) RETURNING "id"[0m  [["name", "durgesh"], ["mobile", "8319104484"], ["created_at", "2019-04-19 11:26:29.426632"], ["updated_at", "2019-04-19 11:26:29.426632"]]
  ↳ app/controllers/api/v1/users_controller.rb:15
  [1m[35m (8.0ms)[0m  [1m[35mCOMMIT[0m
  ↳ app/controllers/api/v1/users_controller.rb:15
  Rendering api/v1/users/show.json.jbuilder
  Rendered api/v1/users/show.json.jbuilder (0.8ms)
Completed 200 OK in 21ms (Views: 8.4ms | ActiveRecord: 9.1ms)


Started POST "/api/v1/rewards" for ::1 at 2019-04-19 16:57:12 +0530
Processing by Api::V1::RewardsController#create as */*
  Parameters: {"reward"=>{"name"=>"You get Reward", "amount"=>45, "image"=>"aayegi ree broo ruk", "user_id"=>1}}
HTTP Origin header (chrome-extension://fhbjgbiflinjbdggehcddcbncdddomop) didn't match request.base_url (http://localhost:3000)
  [1m[35m (0.3ms)[0m  [1m[35mBEGIN[0m
  ↳ app/controllers/api/v1/rewards_controller.rb:9
  [1m[36mUser Load (0.5ms)[0m  [1m[34mSELECT  "users".* FROM "users" WHERE "users"."id" = $1 LIMIT $2[0m  [["id", 1], ["LIMIT", 1]]
  ↳ app/controllers/api/v1/rewards_controller.rb:9
  [1m[36mReward Create (0.6ms)[0m  [1m[32mINSERT INTO "rewards" ("name", "amount", "image", "user_id", "created_at", "updated_at") VALUES ($1, $2, $3, $4, $5, $6) RETURNING "id"[0m  [["name", "You get Reward"], ["amount", 45], ["image", "aayegi ree broo ruk"], ["user_id", 1], ["created_at", "2019-04-19 11:27:12.468747"], ["updated_at", "2019-04-19 11:27:12.468747"]]
  ↳ app/controllers/api/v1/rewards_controller.rb:9
  [1m[35m (8.2ms)[0m  [1m[35mCOMMIT[0m
  ↳ app/controllers/api/v1/rewards_controller.rb:9
  Rendering api/v1/rewards/show.json.jbuilder
  Rendered api/v1/rewards/show.json.jbuilder (0.8ms)
Completed 200 OK in 23ms (Views: 8.5ms | ActiveRecord: 9.5ms)


Started POST "/api/v1/rewards" for ::1 at 2019-04-19 16:57:27 +0530
Processing by Api::V1::RewardsController#create as */*
  Parameters: {"reward"=>{"name"=>"You get Reward", "amount"=>30, "image"=>"aayegi ree broo ruk", "user_id"=>1}}
HTTP Origin header (chrome-extension://fhbjgbiflinjbdggehcddcbncdddomop) didn't match request.base_url (http://localhost:3000)
  [1m[35m (0.2ms)[0m  [1m[35mBEGIN[0m
  ↳ app/controllers/api/v1/rewards_controller.rb:9
  [1m[36mUser Load (0.5ms)[0m  [1m[34mSELECT  "users".* FROM "users" WHERE "users"."id" = $1 LIMIT $2[0m  [["id", 1], ["LIMIT", 1]]
  ↳ app/controllers/api/v1/rewards_controller.rb:9
  [1m[36mReward Create (0.5ms)[0m  [1m[32mINSERT INTO "rewards" ("name", "amount", "image", "user_id", "created_at", "updated_at") VALUES ($1, $2, $3, $4, $5, $6) RETURNING "id"[0m  [["name", "You get Reward"], ["amount", 30], ["image", "aayegi ree broo ruk"], ["user_id", 1], ["created_at", "2019-04-19 11:27:27.975928"], ["updated_at", "2019-04-19 11:27:27.975928"]]
  ↳ app/controllers/api/v1/rewards_controller.rb:9
  [1m[35m (16.2ms)[0m  [1m[35mCOMMIT[0m
  ↳ app/controllers/api/v1/rewards_controller.rb:9
  Rendering api/v1/rewards/show.json.jbuilder
  Rendered api/v1/rewards/show.json.jbuilder (6.9ms)
Completed 200 OK in 43ms (Views: 21.9ms | ActiveRecord: 17.3ms)


Started POST "/api/v1/rewards" for ::1 at 2019-04-19 16:57:38 +0530
Processing by Api::V1::RewardsController#create as */*
  Parameters: {"reward"=>{"name"=>"You get Reward", "amount"=>30, "image"=>"aayegi ree broo ruk", "user_id"=>2}}
HTTP Origin header (chrome-extension://fhbjgbiflinjbdggehcddcbncdddomop) didn't match request.base_url (http://localhost:3000)
  [1m[35m (0.3ms)[0m  [1m[35mBEGIN[0m
  ↳ app/controllers/api/v1/rewards_controller.rb:9
  [1m[36mUser Load (0.4ms)[0m  [1m[34mSELECT  "users".* FROM "users" WHERE "users"."id" = $1 LIMIT $2[0m  [["id", 2], ["LIMIT", 1]]
  ↳ app/controllers/api/v1/rewards_controller.rb:9
  [1m[36mReward Create (0.5ms)[0m  [1m[32mINSERT INTO "rewards" ("name", "amount", "image", "user_id", "created_at", "updated_at") VALUES ($1, $2, $3, $4, $5, $6) RETURNING "id"[0m  [["name", "You get Reward"], ["amount", 30], ["image", "aayegi ree broo ruk"], ["user_id", 2], ["created_at", "2019-04-19 11:27:38.350236"], ["updated_at", "2019-04-19 11:27:38.350236"]]
  ↳ app/controllers/api/v1/rewards_controller.rb:9
  [1m[35m (14.8ms)[0m  [1m[35mCOMMIT[0m
  ↳ app/controllers/api/v1/rewards_controller.rb:9
  Rendering api/v1/rewards/show.json.jbuilder
  Rendered api/v1/rewards/show.json.jbuilder (1.7ms)
Completed 200 OK in 37ms (Views: 15.3ms | ActiveRecord: 15.9ms)


Started POST "/api/v1/rewards" for ::1 at 2019-04-19 16:57:47 +0530
Processing by Api::V1::RewardsController#create as */*
  Parameters: {"reward"=>{"name"=>"You get Reward", "amount"=>70, "image"=>"aayegi ree broo ruk", "user_id"=>2}}
HTTP Origin header (chrome-extension://fhbjgbiflinjbdggehcddcbncdddomop) didn't match request.base_url (http://localhost:3000)
  [1m[35m (0.2ms)[0m  [1m[35mBEGIN[0m
  ↳ app/controllers/api/v1/rewards_controller.rb:9
  [1m[36mUser Load (0.4ms)[0m  [1m[34mSELECT  "users".* FROM "users" WHERE "users"."id" = $1 LIMIT $2[0m  [["id", 2], ["LIMIT", 1]]
  ↳ app/controllers/api/v1/rewards_controller.rb:9
  [1m[36mReward Create (0.5ms)[0m  [1m[32mINSERT INTO "rewards" ("name", "amount", "image", "user_id", "created_at", "updated_at") VALUES ($1, $2, $3, $4, $5, $6) RETURNING "id"[0m  [["name", "You get Reward"], ["amount", 70], ["image", "aayegi ree broo ruk"], ["user_id", 2], ["created_at", "2019-04-19 11:27:47.079594"], ["updated_at", "2019-04-19 11:27:47.079594"]]
  ↳ app/controllers/api/v1/rewards_controller.rb:9
  [1m[35m (15.3ms)[0m  [1m[35mCOMMIT[0m
  ↳ app/controllers/api/v1/rewards_controller.rb:9
  Rendering api/v1/rewards/show.json.jbuilder
  Rendered api/v1/rewards/show.json.jbuilder (1.1ms)
Completed 200 OK in 33ms (Views: 11.7ms | ActiveRecord: 16.5ms)


Started POST "/api/v1/rewards" for ::1 at 2019-04-19 16:57:56 +0530
Processing by Api::V1::RewardsController#create as */*
  Parameters: {"reward"=>{"name"=>"You get Reward", "amount"=>20, "image"=>"aayegi ree broo ruk", "user_id"=>3}}
HTTP Origin header (chrome-extension://fhbjgbiflinjbdggehcddcbncdddomop) didn't match request.base_url (http://localhost:3000)
  [1m[35m (0.2ms)[0m  [1m[35mBEGIN[0m
  ↳ app/controllers/api/v1/rewards_controller.rb:9
  [1m[36mUser Load (0.4ms)[0m  [1m[34mSELECT  "users".* FROM "users" WHERE "users"."id" = $1 LIMIT $2[0m  [["id", 3], ["LIMIT", 1]]
  ↳ app/controllers/api/v1/rewards_controller.rb:9
  [1m[36mReward Create (0.6ms)[0m  [1m[32mINSERT INTO "rewards" ("name", "amount", "image", "user_id", "created_at", "updated_at") VALUES ($1, $2, $3, $4, $5, $6) RETURNING "id"[0m  [["name", "You get Reward"], ["amount", 20], ["image", "aayegi ree broo ruk"], ["user_id", 3], ["created_at", "2019-04-19 11:27:56.617136"], ["updated_at", "2019-04-19 11:27:56.617136"]]
  ↳ app/controllers/api/v1/rewards_controller.rb:9
  [1m[35m (7.8ms)[0m  [1m[35mCOMMIT[0m
  ↳ app/controllers/api/v1/rewards_controller.rb:9
  Rendering api/v1/rewards/show.json.jbuilder
  Rendered api/v1/rewards/show.json.jbuilder (0.8ms)
Completed 200 OK in 23ms (Views: 8.9ms | ActiveRecord: 9.0ms)


Started POST "/api/v1/rewards" for ::1 at 2019-04-19 16:58:13 +0530
Processing by Api::V1::RewardsController#create as */*
  Parameters: {"reward"=>{"name"=>"You get Reward", "amount"=>60, "image"=>"aayegi ree broo ruk", "user_id"=>3}}
HTTP Origin header (chrome-extension://fhbjgbiflinjbdggehcddcbncdddomop) didn't match request.base_url (http://localhost:3000)
  [1m[35m (0.3ms)[0m  [1m[35mBEGIN[0m
  ↳ app/controllers/api/v1/rewards_controller.rb:9
  [1m[36mUser Load (0.4ms)[0m  [1m[34mSELECT  "users".* FROM "users" WHERE "users"."id" = $1 LIMIT $2[0m  [["id", 3], ["LIMIT", 1]]
  ↳ app/controllers/api/v1/rewards_controller.rb:9
  [1m[36mReward Create (0.5ms)[0m  [1m[32mINSERT INTO "rewards" ("name", "amount", "image", "user_id", "created_at", "updated_at") VALUES ($1, $2, $3, $4, $5, $6) RETURNING "id"[0m  [["name", "You get Reward"], ["amount", 60], ["image", "aayegi ree broo ruk"], ["user_id", 3], ["created_at", "2019-04-19 11:28:13.617697"], ["updated_at", "2019-04-19 11:28:13.617697"]]
  ↳ app/controllers/api/v1/rewards_controller.rb:9
  [1m[35m (12.0ms)[0m  [1m[35mCOMMIT[0m
  ↳ app/controllers/api/v1/rewards_controller.rb:9
  Rendering api/v1/rewards/show.json.jbuilder
  Rendered api/v1/rewards/show.json.jbuilder (1.0ms)
Completed 200 OK in 26ms (Views: 8.6ms | ActiveRecord: 13.1ms)


Started GET "/api/v1/rewards" for ::1 at 2019-04-19 16:58:30 +0530
  
AbstractController::ActionNotFound (The action 'index' could not be found for Api::V1::RewardsController):
  
actionpack (5.2.3) lib/abstract_controller/base.rb:129:in `process'
actionview (5.2.3) lib/action_view/rendering.rb:32:in `process'
actionpack (5.2.3) lib/action_controller/metal.rb:191:in `dispatch'
actionpack (5.2.3) lib/action_controller/metal.rb:252:in `dispatch'
actionpack (5.2.3) lib/action_dispatch/routing/route_set.rb:52:in `dispatch'
actionpack (5.2.3) lib/action_dispatch/routing/route_set.rb:34:in `serve'
actionpack (5.2.3) lib/action_dispatch/journey/router.rb:52:in `block in serve'
actionpack (5.2.3) lib/action_dispatch/journey/router.rb:35:in `each'
actionpack (5.2.3) lib/action_dispatch/journey/router.rb:35:in `serve'
actionpack (5.2.3) lib/action_dispatch/routing/route_set.rb:840:in `call'
rack (2.0.7) lib/rack/tempfile_reaper.rb:15:in `call'
rack (2.0.7) lib/rack/etag.rb:25:in `call'
rack (2.0.7) lib/rack/conditional_get.rb:25:in `call'
rack (2.0.7) lib/rack/head.rb:12:in `call'
actionpack (5.2.3) lib/action_dispatch/http/content_security_policy.rb:18:in `call'
rack (2.0.7) lib/rack/session/abstract/id.rb:232:in `context'
rack (2.0.7) lib/rack/session/abstract/id.rb:226:in `call'
actionpack (5.2.3) lib/action_dispatch/middleware/cookies.rb:670:in `call'
activerecord (5.2.3) lib/active_record/migration.rb:559:in `call'
actionpack (5.2.3) lib/action_dispatch/middleware/callbacks.rb:28:in `block in call'
activesupport (5.2.3) lib/active_support/callbacks.rb:98:in `run_callbacks'
actionpack (5.2.3) lib/action_dispatch/middleware/callbacks.rb:26:in `call'
actionpack (5.2.3) lib/action_dispatch/middleware/executor.rb:14:in `call'
actionpack (5.2.3) lib/action_dispatch/middleware/debug_exceptions.rb:61:in `call'
web-console (3.7.0) lib/web_console/middleware.rb:135:in `call_app'
web-console (3.7.0) lib/web_console/middleware.rb:30:in `block in call'
web-console (3.7.0) lib/web_console/middleware.rb:20:in `catch'
web-console (3.7.0) lib/web_console/middleware.rb:20:in `call'
actionpack (5.2.3) lib/action_dispatch/middleware/show_exceptions.rb:33:in `call'
railties (5.2.3) lib/rails/rack/logger.rb:38:in `call_app'
railties (5.2.3) lib/rails/rack/logger.rb:26:in `block in call'
activesupport (5.2.3) lib/active_support/tagged_logging.rb:71:in `block in tagged'
activesupport (5.2.3) lib/active_support/tagged_logging.rb:28:in `tagged'
activesupport (5.2.3) lib/active_support/tagged_logging.rb:71:in `tagged'
railties (5.2.3) lib/rails/rack/logger.rb:26:in `call'
sprockets-rails (3.2.1) lib/sprockets/rails/quiet_assets.rb:13:in `call'
actionpack (5.2.3) lib/action_dispatch/middleware/remote_ip.rb:81:in `call'
actionpack (5.2.3) lib/action_dispatch/middleware/request_id.rb:27:in `call'
rack (2.0.7) lib/rack/method_override.rb:22:in `call'
rack (2.0.7) lib/rack/runtime.rb:22:in `call'
activesupport (5.2.3) lib/active_support/cache/strategy/local_cache_middleware.rb:29:in `call'
actionpack (5.2.3) lib/action_dispatch/middleware/executor.rb:14:in `call'
actionpack (5.2.3) lib/action_dispatch/middleware/static.rb:127:in `call'
rack (2.0.7) lib/rack/sendfile.rb:111:in `call'
railties (5.2.3) lib/rails/engine.rb:524:in `call'
puma (3.12.1) lib/puma/configuration.rb:227:in `call'
puma (3.12.1) lib/puma/server.rb:660:in `handle_request'
puma (3.12.1) lib/puma/server.rb:474:in `process_client'
puma (3.12.1) lib/puma/server.rb:334:in `block in run'
puma (3.12.1) lib/puma/thread_pool.rb:135:in `block in spawn_thread'
Started POST "/api/v1/rewards" for ::1 at 2019-04-19 16:58:44 +0530
Processing by Api::V1::RewardsController#create as */*
  Parameters: {"reward"=>{"name"=>"You get Reward", "amount"=>60, "image"=>"aayegi ree broo ruk", "user_id"=>5}}
HTTP Origin header (chrome-extension://fhbjgbiflinjbdggehcddcbncdddomop) didn't match request.base_url (http://localhost:3000)
  [1m[35m (0.2ms)[0m  [1m[35mBEGIN[0m
  ↳ app/controllers/api/v1/rewards_controller.rb:9
  [1m[36mUser Load (1.3ms)[0m  [1m[34mSELECT  "users".* FROM "users" WHERE "users"."id" = $1 LIMIT $2[0m  [["id", 5], ["LIMIT", 1]]
  ↳ app/controllers/api/v1/rewards_controller.rb:9
  [1m[35m (0.3ms)[0m  [1m[31mROLLBACK[0m
  ↳ app/controllers/api/v1/rewards_controller.rb:9
Completed 400 Bad Request in 10ms (Views: 0.4ms | ActiveRecord: 1.8ms)


Started POST "/api/v1/rewards" for ::1 at 2019-04-19 16:58:56 +0530
Processing by Api::V1::RewardsController#create as */*
  Parameters: {"reward"=>{"name"=>"You get Reward", "amount"=>60, "image"=>"aayegi ree broo ruk", "user_id"=>4}}
HTTP Origin header (chrome-extension://fhbjgbiflinjbdggehcddcbncdddomop) didn't match request.base_url (http://localhost:3000)
  [1m[35m (0.3ms)[0m  [1m[35mBEGIN[0m
  ↳ app/controllers/api/v1/rewards_controller.rb:9
  [1m[36mUser Load (0.5ms)[0m  [1m[34mSELECT  "users".* FROM "users" WHERE "users"."id" = $1 LIMIT $2[0m  [["id", 4], ["LIMIT", 1]]
  ↳ app/controllers/api/v1/rewards_controller.rb:9
  [1m[36mReward Create (0.9ms)[0m  [1m[32mINSERT INTO "rewards" ("name", "amount", "image", "user_id", "created_at", "updated_at") VALUES ($1, $2, $3, $4, $5, $6) RETURNING "id"[0m  [["name", "You get Reward"], ["amount", 60], ["image", "aayegi ree broo ruk"], ["user_id", 4], ["created_at", "2019-04-19 11:28:56.432599"], ["updated_at", "2019-04-19 11:28:56.432599"]]
  ↳ app/controllers/api/v1/rewards_controller.rb:9
  [1m[35m (16.1ms)[0m  [1m[35mCOMMIT[0m
  ↳ app/controllers/api/v1/rewards_controller.rb:9
  Rendering api/v1/rewards/show.json.jbuilder
  Rendered api/v1/rewards/show.json.jbuilder (1.2ms)
Completed 200 OK in 38ms (Views: 13.7ms | ActiveRecord: 17.8ms)


Started GET "/api/v1/rewards" for ::1 at 2019-04-19 17:02:11 +0530
Processing by Api::V1::RewardsController#index as */*
  Parameters: {"reward"=>{}}
  Rendering api/v1/rewards/index.json.jbuilder
  [1m[36mReward Load (0.7ms)[0m  [1m[34mSELECT "rewards".* FROM "rewards" ORDER BY "rewards"."id" ASC[0m
  ↳ app/views/api/v1/rewards/index.json.jbuilder:4
  Rendered api/v1/rewards/index.json.jbuilder (302.3ms)
Completed 500 Internal Server Error in 324ms (ActiveRecord: 5.3ms)


  
ActionView::Template::Error (undefined local variable or method `reward' for #<#<Class:0x00000000055b27f0>:0x00000000055af500>
Did you mean?  rewards
               @rewards):
    2: json.result{
    3: 
    4: 		json.reward rewards.each do |user|
    5: 		json.id reward.id
    6:   		json.name reward.name
    7:  		json.mobile reward.mobile
    8: 		#json.offer_count user.offers.count
  
app/views/api/v1/rewards/index.json.jbuilder:5:in `block (2 levels) in _app_views_api_v__rewards_index_json_jbuilder__3633885915539192308_44917680'
app/views/api/v1/rewards/index.json.jbuilder:4:in `block in _app_views_api_v__rewards_index_json_jbuilder__3633885915539192308_44917680'
app/views/api/v1/rewards/index.json.jbuilder:2:in `_app_views_api_v__rewards_index_json_jbuilder__3633885915539192308_44917680'
app/controllers/api/v1/rewards_controller.rb:9:in `index'
Started GET "/api/v1/rewards" for ::1 at 2019-04-19 17:03:40 +0530
Processing by Api::V1::RewardsController#index as */*
  Parameters: {"reward"=>{}}
  Rendering api/v1/rewards/index.json.jbuilder
  [1m[36mReward Load (0.7ms)[0m  [1m[34mSELECT "rewards".* FROM "rewards" ORDER BY "rewards"."id" ASC[0m
  ↳ app/views/api/v1/rewards/index.json.jbuilder:4
  Rendered api/v1/rewards/index.json.jbuilder (3.4ms)
Completed 200 OK in 14ms (Views: 12.3ms | ActiveRecord: 0.7ms)


Started GET "/api/v1/rewards" for ::1 at 2019-04-19 17:04:29 +0530
Processing by Api::V1::RewardsController#index as */*
  Parameters: {"reward"=>{}}
  Rendering api/v1/rewards/index.json.jbuilder
  [1m[36mReward Load (0.6ms)[0m  [1m[34mSELECT "rewards".* FROM "rewards" ORDER BY "rewards"."id" ASC[0m
  ↳ app/views/api/v1/rewards/index.json.jbuilder:4
  Rendered api/v1/rewards/index.json.jbuilder (3.6ms)
Completed 200 OK in 12ms (Views: 10.6ms | ActiveRecord: 0.6ms)


Started GET "/api/v1/users" for ::1 at 2019-04-19 17:05:01 +0530
Processing by Api::V1::UsersController#index as */*
  Parameters: {"user"=>{}}
  Rendering api/v1/users/index.json.jbuilder
  [1m[36mUser Load (0.5ms)[0m  [1m[34mSELECT "users".* FROM "users" ORDER BY "users"."id" ASC[0m
  ↳ app/views/api/v1/users/index.json.jbuilder:4
  Rendered api/v1/users/index.json.jbuilder (10.6ms)
Completed 200 OK in 23ms (Views: 18.5ms | ActiveRecord: 6.4ms)


Started GET "/api/v1/users" for ::1 at 2019-04-19 17:05:59 +0530
Processing by Api::V1::UsersController#index as */*
  Parameters: {"user"=>{}}
  Rendering api/v1/users/index.json.jbuilder
  [1m[36mUser Load (0.8ms)[0m  [1m[34mSELECT "users".* FROM "users" ORDER BY "users"."id" ASC[0m
  ↳ app/views/api/v1/users/index.json.jbuilder:4
  Rendered api/v1/users/index.json.jbuilder (23.8ms)
Completed 500 Internal Server Error in 36ms (ActiveRecord: 0.8ms)


  
ActionView::Template::Error (undefined method `reward' for #<User:0x00007f8ac4acce88>
Did you mean?  rewards
               rewards=):
     5: 		json.id user.id
     6:   		json.name user.name
     7:  		json.mobile user.mobile	
     8: 		json.reward_count user.reward.count
     9:  		# json.offer_listing user.offers.each do |offer|
    10:  		# 	json.offer_amount offer.offer
    11:  		# end
  
app/views/api/v1/users/index.json.jbuilder:8:in `block (2 levels) in _app_views_api_v__users_index_json_jbuilder___4257155033459059617_70116997753460'
app/views/api/v1/users/index.json.jbuilder:4:in `block in _app_views_api_v__users_index_json_jbuilder___4257155033459059617_70116997753460'
app/views/api/v1/users/index.json.jbuilder:2:in `_app_views_api_v__users_index_json_jbuilder___4257155033459059617_70116997753460'
app/controllers/api/v1/users_controller.rb:9:in `index'
Started GET "/api/v1/users" for ::1 at 2019-04-19 17:06:48 +0530
Processing by Api::V1::UsersController#index as */*
  Parameters: {"user"=>{}}
  Rendering api/v1/users/index.json.jbuilder
  [1m[36mUser Load (0.6ms)[0m  [1m[34mSELECT "users".* FROM "users" ORDER BY "users"."id" ASC[0m
  ↳ app/views/api/v1/users/index.json.jbuilder:4
  Rendered api/v1/users/index.json.jbuilder (2.6ms)
Completed 200 OK in 13ms (Views: 12.2ms | ActiveRecord: 0.6ms)


Started GET "/api/v1/users" for ::1 at 2019-04-19 17:08:18 +0530
Processing by Api::V1::UsersController#index as */*
  Parameters: {"user"=>{}}
  Rendering api/v1/users/index.json.jbuilder
  [1m[36mUser Load (1.2ms)[0m  [1m[34mSELECT "users".* FROM "users" ORDER BY "users"."id" ASC[0m
  ↳ app/views/api/v1/users/index.json.jbuilder:4
  [1m[35m (0.8ms)[0m  [1m[34mSELECT COUNT(*) FROM "rewards" WHERE "rewards"."user_id" = $1[0m  [["user_id", 1]]
  ↳ app/views/api/v1/users/index.json.jbuilder:8
  [1m[35m (0.4ms)[0m  [1m[34mSELECT COUNT(*) FROM "rewards" WHERE "rewards"."user_id" = $1[0m  [["user_id", 2]]
  ↳ app/views/api/v1/users/index.json.jbuilder:8
  [1m[35m (0.5ms)[0m  [1m[34mSELECT COUNT(*) FROM "rewards" WHERE "rewards"."user_id" = $1[0m  [["user_id", 3]]
  ↳ app/views/api/v1/users/index.json.jbuilder:8
  [1m[35m (0.4ms)[0m  [1m[34mSELECT COUNT(*) FROM "rewards" WHERE "rewards"."user_id" = $1[0m  [["user_id", 4]]
  ↳ app/views/api/v1/users/index.json.jbuilder:8
  Rendered api/v1/users/index.json.jbuilder (35.1ms)
Completed 200 OK in 47ms (Views: 43.1ms | ActiveRecord: 3.3ms)


Started GET "/api/v1/users/rewardlist/1" for ::1 at 2019-04-19 17:14:32 +0530
  [1m[35m (0.7ms)[0m  [1m[34mSELECT "schema_migrations"."version" FROM "schema_migrations" ORDER BY "schema_migrations"."version" ASC[0m
  ↳ /home/pritam/.rvm/gems/ruby-2.5.1/gems/activerecord-5.2.3/lib/active_record/log_subscriber.rb:98
Processing by Api::V1::UsersController#rewardlist as */*
  Parameters: {"id"=>"1"}
  [1m[36mUser Load (0.4ms)[0m  [1m[34mSELECT  "users".* FROM "users" WHERE "users"."id" = $1 LIMIT $2[0m  [["id", 1], ["LIMIT", 1]]
  ↳ app/controllers/api/v1/users_controller.rb:23
Completed 200 OK in 37ms (Views: 0.5ms | ActiveRecord: 5.4ms)


Started GET "/api/v1/users/rewardlist/2" for ::1 at 2019-04-19 17:14:42 +0530
Processing by Api::V1::UsersController#rewardlist as */*
  Parameters: {"id"=>"2"}
  [1m[36mUser Load (0.5ms)[0m  [1m[34mSELECT  "users".* FROM "users" WHERE "users"."id" = $1 LIMIT $2[0m  [["id", 2], ["LIMIT", 1]]
  ↳ app/controllers/api/v1/users_controller.rb:23
Completed 200 OK in 2ms (Views: 0.2ms | ActiveRecord: 0.5ms)


Started GET "/api/v1/users/rewardlist/2" for ::1 at 2019-04-19 17:15:20 +0530
Processing by Api::V1::UsersController#rewardlist as */*
  Parameters: {"id"=>"2"}
  [1m[36mUser Load (0.5ms)[0m  [1m[34mSELECT  "users".* FROM "users" WHERE "users"."id" = $1 LIMIT $2[0m  [["id", 2], ["LIMIT", 1]]
  ↳ app/controllers/api/v1/users_controller.rb:23
  [1m[36mReward Load (0.5ms)[0m  [1m[34mSELECT "rewards".* FROM "rewards" WHERE "rewards"."user_id" = $1[0m  [["user_id", 2]]
  ↳ app/controllers/api/v1/users_controller.rb:25
Completed 200 OK in 81ms (Views: 45.5ms | ActiveRecord: 15.6ms)


Started GET "/api/v1/users/rewardlist/1" for ::1 at 2019-04-19 17:15:25 +0530
Processing by Api::V1::UsersController#rewardlist as */*
  Parameters: {"id"=>"1"}
  [1m[36mUser Load (0.5ms)[0m  [1m[34mSELECT  "users".* FROM "users" WHERE "users"."id" = $1 LIMIT $2[0m  [["id", 1], ["LIMIT", 1]]
  ↳ app/controllers/api/v1/users_controller.rb:23
  [1m[36mReward Load (0.4ms)[0m  [1m[34mSELECT "rewards".* FROM "rewards" WHERE "rewards"."user_id" = $1[0m  [["user_id", 1]]
  ↳ app/controllers/api/v1/users_controller.rb:25
Completed 200 OK in 9ms (Views: 6.4ms | ActiveRecord: 0.9ms)


Started GET "/api/v1/users/rewardlist/5" for ::1 at 2019-04-19 17:15:35 +0530
Processing by Api::V1::UsersController#rewardlist as */*
  Parameters: {"id"=>"5"}
  [1m[36mUser Load (0.4ms)[0m  [1m[34mSELECT  "users".* FROM "users" WHERE "users"."id" = $1 LIMIT $2[0m  [["id", 5], ["LIMIT", 1]]
  ↳ app/controllers/api/v1/users_controller.rb:23
Completed 500 Internal Server Error in 4ms (ActiveRecord: 0.4ms)


  
NoMethodError (undefined method `rewards' for nil:NilClass):
  
app/controllers/api/v1/users_controller.rb:24:in `rewardlist'
Started GET "/api/v1/users/rewardlist/4" for ::1 at 2019-04-19 17:15:41 +0530
Processing by Api::V1::UsersController#rewardlist as */*
  Parameters: {"id"=>"4"}
  [1m[36mUser Load (0.5ms)[0m  [1m[34mSELECT  "users".* FROM "users" WHERE "users"."id" = $1 LIMIT $2[0m  [["id", 4], ["LIMIT", 1]]
  ↳ app/controllers/api/v1/users_controller.rb:23
  [1m[36mReward Load (0.5ms)[0m  [1m[34mSELECT "rewards".* FROM "rewards" WHERE "rewards"."user_id" = $1[0m  [["user_id", 4]]
  ↳ app/controllers/api/v1/users_controller.rb:25
Completed 200 OK in 4ms (Views: 1.9ms | ActiveRecord: 0.9ms)


Started GET "/api/v1/users/rewardlist/5" for ::1 at 2019-04-19 17:17:29 +0530
Processing by Api::V1::UsersController#rewardlist as */*
  Parameters: {"id"=>"5"}
  [1m[36mUser Load (0.4ms)[0m  [1m[34mSELECT  "users".* FROM "users" WHERE "users"."id" = $1 LIMIT $2[0m  [["id", 5], ["LIMIT", 1]]
  ↳ app/controllers/api/v1/users_controller.rb:23
Completed 500 Internal Server Error in 12ms (ActiveRecord: 2.6ms)


  
NoMethodError (undefined method `errors' for nil:NilClass):
  
app/controllers/api/v1/users_controller.rb:28:in `rewardlist'
Started GET "/api/v1/users/rewardlist/5" for ::1 at 2019-04-19 17:17:55 +0530
Processing by Api::V1::UsersController#rewardlist as */*
  Parameters: {"id"=>"5"}
  [1m[36mUser Load (0.3ms)[0m  [1m[34mSELECT  "users".* FROM "users" WHERE "users"."id" = $1 LIMIT $2[0m  [["id", 5], ["LIMIT", 1]]
  ↳ app/controllers/api/v1/users_controller.rb:23
Completed 500 Internal Server Error in 9ms (ActiveRecord: 2.1ms)


  
NoMethodError (undefined method `errors' for nil:NilClass):
  
app/controllers/api/v1/users_controller.rb:28:in `rewardlist'
Started GET "/api/v1/users/rewardlist/5" for ::1 at 2019-04-19 17:19:07 +0530
Processing by Api::V1::UsersController#rewardlist as */*
  Parameters: {"id"=>"5"}
  [1m[36mUser Load (0.4ms)[0m  [1m[34mSELECT  "users".* FROM "users" WHERE "users"."id" = $1 LIMIT $2[0m  [["id", 5], ["LIMIT", 1]]
  ↳ app/controllers/api/v1/users_controller.rb:23
Completed 200 OK in 10ms (Views: 0.4ms | ActiveRecord: 2.0ms)


